2024/07/23 18:38:53.652 [I] =============== FindMyFont - Application Start =============== 
2024/07/23 18:38:55.166 [I] Supported Image formats: |bmp|cur|dds|gif|icns|ico|jp2|jpeg|jpg|mng|pbm|pgm|png|ppm|tga|tif|tiff|wbmp|webp|xbm|xpm|
2024/07/23 18:38:56.250 [I] Finding free Socket Port: 1965
2024/07/23 18:38:56.250 [I] App Socket Port is: 1965
2024/07/23 18:38:59.048 [I] ReadAppSettings - Start
2024/07/23 18:38:59.049 [I] Preferences version: '3.0'
2024/07/23 18:38:59.128 [E] File Error (5) while loading FontSets - (/Users/ivanleopoldo/.config/FindMyFont-free/fmfdata/FindMyFont.fst.bin) - fmfFontSets::loadFromBinaryFile()
2024/07/23 18:38:59.128 [E] Error (-1) while loading FontSets - (/Users/ivanleopoldo/.config/FindMyFont-free/fmfdata/FindMyFont.fst.bin) - fmfFontSets::loadFromBinaryFile()
2024/07/23 18:38:59.128 [E] File Error (5) at TextLine (0) while loading FontSets - (/Users/ivanleopoldo/.config/FindMyFont-free/fmfdata/FindMyFont.fst) - fmfFontSets::loadFromTextFile()
2024/07/23 18:38:59.128 [E] Error (-1) at TextLine (0) while loading FontSets - (/Users/ivanleopoldo/.config/FindMyFont-free/fmfdata/FindMyFont.fst) - fmfFontSets::loadFromTextFile()
2024/07/23 18:38:59.131 [I] New font added in fontset: '/Users/ivanleopoldo/Library/Fonts/HackNerdFont-Bold.ttf'
2024/07/23 18:38:59.132 [I] New font added in fontset: '/Users/ivanleopoldo/Library/Fonts/HackNerdFont-BoldItalic.ttf'
2024/07/23 18:38:59.133 [I] New font added in fontset: '/Users/ivanleopoldo/Library/Fonts/HackNerdFont-Italic.ttf'
2024/07/23 18:38:59.134 [I] New font added in fontset: '/Users/ivanleopoldo/Library/Fonts/HackNerdFont-Regular.ttf'
2024/07/23 18:38:59.135 [I] New font added in fontset: '/Users/ivanleopoldo/Library/Fonts/HackNerdFontMono-Bold.ttf'
2024/07/23 18:38:59.136 [I] New font added in fontset: '/Users/ivanleopoldo/Library/Fonts/HackNerdFontMono-BoldItalic.ttf'
2024/07/23 18:38:59.137 [I] New font added in fontset: '/Users/ivanleopoldo/Library/Fonts/HackNerdFontMono-Italic.ttf'
2024/07/23 18:38:59.138 [I] New font added in fontset: '/Users/ivanleopoldo/Library/Fonts/HackNerdFontMono-Regular.ttf'
2024/07/23 18:38:59.139 [I] New font added in fontset: '/Users/ivanleopoldo/Library/Fonts/HackNerdFontPropo-Bold.ttf'
2024/07/23 18:38:59.140 [I] New font added in fontset: '/Users/ivanleopoldo/Library/Fonts/HackNerdFontPropo-BoldItalic.ttf'
2024/07/23 18:38:59.141 [I] New font added in fontset: '/Users/ivanleopoldo/Library/Fonts/HackNerdFontPropo-Italic.ttf'
2024/07/23 18:38:59.142 [I] New font added in fontset: '/Users/ivanleopoldo/Library/Fonts/HackNerdFontPropo-Regular.ttf'
2024/07/23 18:38:59.144 [I] New font added in fontset: '/Users/ivanleopoldo/Library/Fonts/LigaSFMonoNerdFont-Bold.otf'
2024/07/23 18:38:59.145 [I] New font added in fontset: '/Users/ivanleopoldo/Library/Fonts/LigaSFMonoNerdFont-BoldItalic.otf'
2024/07/23 18:38:59.147 [I] New font added in fontset: '/Users/ivanleopoldo/Library/Fonts/LigaSFMonoNerdFont-Heavy.otf'
2024/07/23 18:38:59.149 [I] New font added in fontset: '/Users/ivanleopoldo/Library/Fonts/LigaSFMonoNerdFont-HeavyItalic.otf'
2024/07/23 18:38:59.150 [I] New font added in fontset: '/Users/ivanleopoldo/Library/Fonts/LigaSFMonoNerdFont-Light.otf'
2024/07/23 18:38:59.152 [I] New font added in fontset: '/Users/ivanleopoldo/Library/Fonts/LigaSFMonoNerdFont-LightItalic.otf'
2024/07/23 18:38:59.154 [I] New font added in fontset: '/Users/ivanleopoldo/Library/Fonts/LigaSFMonoNerdFont-Medium.otf'
2024/07/23 18:38:59.156 [I] New font added in fontset: '/Users/ivanleopoldo/Library/Fonts/LigaSFMonoNerdFont-MediumItalic.otf'
2024/07/23 18:38:59.158 [I] New font added in fontset: '/Users/ivanleopoldo/Library/Fonts/LigaSFMonoNerdFont-Regular.otf'
2024/07/23 18:38:59.160 [I] New font added in fontset: '/Users/ivanleopoldo/Library/Fonts/LigaSFMonoNerdFont-RegularItalic.otf'
2024/07/23 18:38:59.163 [I] New font added in fontset: '/Users/ivanleopoldo/Library/Fonts/LigaSFMonoNerdFont-Semibold.otf'
2024/07/23 18:38:59.165 [I] New font added in fontset: '/Users/ivanleopoldo/Library/Fonts/LigaSFMonoNerdFont-SemiboldItalic.otf'
2024/07/23 18:38:59.166 [I] New font added in fontset: '/Users/ivanleopoldo/Library/Fonts/MesloLGS NF Bold Italic.ttf'
2024/07/23 18:38:59.167 [I] New font added in fontset: '/Users/ivanleopoldo/Library/Fonts/MesloLGS NF Bold.ttf'
2024/07/23 18:38:59.167 [I] New font added in fontset: '/Users/ivanleopoldo/Library/Fonts/MesloLGS NF Italic.ttf'
2024/07/23 18:38:59.168 [I] New font added in fontset: '/Users/ivanleopoldo/Library/Fonts/MesloLGS NF Regular.ttf'
2024/07/23 18:38:59.175 [I] New font added in fontset: '/System/Library/Fonts/Apple Braille Outline 6 Dot.ttf'
2024/07/23 18:38:59.175 [I] New font added in fontset: '/System/Library/Fonts/Apple Braille Outline 8 Dot.ttf'
2024/07/23 18:38:59.175 [I] New font added in fontset: '/System/Library/Fonts/Apple Braille Pinpoint 6 Dot.ttf'
2024/07/23 18:38:59.176 [I] New font added in fontset: '/System/Library/Fonts/Apple Braille Pinpoint 8 Dot.ttf'
2024/07/23 18:38:59.176 [I] New font added in fontset: '/System/Library/Fonts/Apple Braille.ttf'
2024/07/23 18:38:59.176 [I] New font added in fontset: '/System/Library/Fonts/Apple Symbols.ttf'
2024/07/23 18:38:59.177 [I] New font added in fontset: '/System/Library/Fonts/Geneva.ttf'
2024/07/23 18:38:59.177 [I] New font added in fontset: '/System/Library/Fonts/Keyboard.ttf'
2024/07/23 18:38:59.178 [I] New font added in fontset: '/System/Library/Fonts/LastResort.otf'
2024/07/23 18:38:59.179 [I] New font added in fontset: '/System/Library/Fonts/Monaco.ttf'
2024/07/23 18:38:59.179 [I] New font added in fontset: '/System/Library/Fonts/NewYork.ttf'
2024/07/23 18:38:59.180 [I] New font added in fontset: '/System/Library/Fonts/NewYorkItalic.ttf'
2024/07/23 18:38:59.181 [I] New font added in fontset: '/System/Library/Fonts/SFArabic.ttf'
2024/07/23 18:38:59.182 [I] New font added in fontset: '/System/Library/Fonts/SFArabicRounded.ttf'
2024/07/23 18:38:59.182 [I] New font added in fontset: '/System/Library/Fonts/SFArmenian.ttf'
2024/07/23 18:38:59.182 [I] New font added in fontset: '/System/Library/Fonts/SFArmenianRounded.ttf'
2024/07/23 18:38:59.182 [I] New font added in fontset: '/System/Library/Fonts/SFCamera.ttf'
2024/07/23 18:38:59.183 [I] New font added in fontset: '/System/Library/Fonts/SFCompact.ttf'
2024/07/23 18:38:59.184 [I] New font added in fontset: '/System/Library/Fonts/SFCompactItalic.ttf'
2024/07/23 18:38:59.185 [I] New font added in fontset: '/System/Library/Fonts/SFCompactRounded.ttf'
2024/07/23 18:38:59.185 [I] New font added in fontset: '/System/Library/Fonts/SFGeorgian.ttf'
2024/07/23 18:38:59.185 [I] New font added in fontset: '/System/Library/Fonts/SFGeorgianRounded.ttf'
2024/07/23 18:38:59.185 [I] New font added in fontset: '/System/Library/Fonts/SFHebrew.ttf'
2024/07/23 18:38:59.186 [I] New font added in fontset: '/System/Library/Fonts/SFHebrewRounded.ttf'
2024/07/23 18:38:59.186 [I] New font added in fontset: '/System/Library/Fonts/SFNS.ttf'
2024/07/23 18:38:59.186 [I] New font added in fontset: '/System/Library/Fonts/SFNSItalic.ttf'
2024/07/23 18:38:59.187 [I] New font added in fontset: '/System/Library/Fonts/SFNSMono.ttf'
2024/07/23 18:38:59.187 [I] New font added in fontset: '/System/Library/Fonts/SFNSMonoItalic.ttf'
2024/07/23 18:38:59.188 [I] New font added in fontset: '/System/Library/Fonts/SFNSRounded.ttf'
2024/07/23 18:38:59.188 [I] New font added in fontset: '/System/Library/Fonts/Symbol.ttf'
2024/07/23 18:38:59.189 [I] New font added in fontset: '/System/Library/Fonts/ZapfDingbats.ttf'
2024/07/23 18:38:59.202 [I] New font added in fontset: '/System/Library/Fonts/Supplemental/Academy Engraved LET Fonts.ttf'
2024/07/23 18:38:59.203 [I] New font added in fontset: '/System/Library/Fonts/Supplemental/Andale Mono.ttf'
2024/07/23 18:38:59.204 [I] New font added in fontset: '/System/Library/Fonts/Supplemental/Apple Chancery.ttf'
2024/07/23 18:38:59.206 [I] New font added in fontset: '/System/Library/Fonts/Supplemental/AppleGothic.ttf'
2024/07/23 18:38:59.209 [I] New font added in fontset: '/System/Library/Fonts/Supplemental/AppleMyungjo.ttf'
2024/07/23 18:38:59.210 [I] New font added in fontset: '/System/Library/Fonts/Supplemental/Arial Black.ttf'
2024/07/23 18:38:59.211 [I] New font added in fontset: '/System/Library/Fonts/Supplemental/Arial Bold Italic.ttf'
2024/07/23 18:38:59.212 [I] New font added in fontset: '/System/Library/Fonts/Supplemental/Arial Bold.ttf'
2024/07/23 18:38:59.212 [I] New font added in fontset: '/System/Library/Fonts/Supplemental/Arial Italic.ttf'
2024/07/23 18:38:59.213 [I] New font added in fontset: '/System/Library/Fonts/Supplemental/Arial Narrow Bold Italic.ttf'
2024/07/23 18:38:59.213 [I] New font added in fontset: '/System/Library/Fonts/Supplemental/Arial Narrow Bold.ttf'
2024/07/23 18:38:59.213 [I] New font added in fontset: '/System/Library/Fonts/Supplemental/Arial Narrow Italic.ttf'
2024/07/23 18:38:59.214 [I] New font added in fontset: '/System/Library/Fonts/Supplemental/Arial Narrow.ttf'
2024/07/23 18:38:59.214 [I] New font added in fontset: '/System/Library/Fonts/Supplemental/Arial Rounded Bold.ttf'
2024/07/23 18:38:59.216 [I] New font added in fontset: '/System/Library/Fonts/Supplemental/Arial Unicode.ttf'
2024/07/23 18:38:59.217 [I] New font added in fontset: '/System/Library/Fonts/Supplemental/Arial.ttf'
2024/07/23 18:38:59.217 [I] New font added in fontset: '/System/Library/Fonts/Supplemental/Ayuthaya.ttf'
2024/07/23 18:38:59.218 [I] New font added in fontset: '/System/Library/Fonts/Supplemental/BigCaslon.ttf'
2024/07/23 18:38:59.218 [I] New font added in fontset: '/System/Library/Fonts/Supplemental/Bodoni 72 Smallcaps Book.ttf'
2024/07/23 18:38:59.219 [I] New font added in fontset: '/System/Library/Fonts/Supplemental/Bodoni Ornaments.ttf'
2024/07/23 18:38:59.219 [I] New font added in fontset: '/System/Library/Fonts/Supplemental/Bradley Hand Bold.ttf'
2024/07/23 18:38:59.220 [I] New font added in fontset: '/System/Library/Fonts/Supplemental/Brush Script.ttf'
2024/07/23 18:38:59.220 [I] New font added in fontset: '/System/Library/Fonts/Supplemental/Chalkduster.ttf'
2024/07/23 18:38:59.221 [I] New font added in fontset: '/System/Library/Fonts/Supplemental/Comic Sans MS Bold.ttf'
2024/07/23 18:38:59.221 [I] New font added in fontset: '/System/Library/Fonts/Supplemental/Comic Sans MS.ttf'
2024/07/23 18:38:59.222 [I] New font added in fontset: '/System/Library/Fonts/Supplemental/Courier New Bold Italic.ttf'
2024/07/23 18:38:59.223 [I] New font added in fontset: '/System/Library/Fonts/Supplemental/Courier New Bold.ttf'
2024/07/23 18:38:59.223 [I] New font added in fontset: '/System/Library/Fonts/Supplemental/Courier New Italic.ttf'
2024/07/23 18:38:59.224 [I] New font added in fontset: '/System/Library/Fonts/Supplemental/Courier New.ttf'
2024/07/23 18:38:59.225 [I] New font added in fontset: '/System/Library/Fonts/Supplemental/DIN Alternate Bold.ttf'
2024/07/23 18:38:59.225 [I] New font added in fontset: '/System/Library/Fonts/Supplemental/DIN Condensed Bold.ttf'
2024/07/23 18:38:59.226 [I] New font added in fontset: '/System/Library/Fonts/Supplemental/Diwan Thuluth.ttf'
2024/07/23 18:38:59.226 [I] New font added in fontset: '/System/Library/Fonts/Supplemental/Farisi.ttf'
2024/07/23 18:38:59.227 [I] New font added in fontset: '/System/Library/Fonts/Supplemental/Georgia Bold Italic.ttf'
2024/07/23 18:38:59.227 [I] New font added in fontset: '/System/Library/Fonts/Supplemental/Georgia Bold.ttf'
2024/07/23 18:38:59.227 [I] New font added in fontset: '/System/Library/Fonts/Supplemental/Georgia Italic.ttf'
2024/07/23 18:38:59.228 [I] New font added in fontset: '/System/Library/Fonts/Supplemental/Georgia.ttf'
2024/07/23 18:38:59.229 [I] New font added in fontset: '/System/Library/Fonts/Supplemental/Gurmukhi.ttf'
2024/07/23 18:38:59.229 [I] New font added in fontset: '/System/Library/Fonts/Supplemental/Herculanum.ttf'
2024/07/23 18:38:59.229 [I] New font added in fontset: '/System/Library/Fonts/Supplemental/Hoefler Text Ornaments.ttf'
2024/07/23 18:38:59.230 [I] New font added in fontset: '/System/Library/Fonts/Supplemental/Impact.ttf'
2024/07/23 18:38:59.230 [I] New font added in fontset: '/System/Library/Fonts/Supplemental/Khmer Sangam MN.ttf'
2024/07/23 18:38:59.231 [I] New font added in fontset: '/System/Library/Fonts/Supplemental/Kokonor.ttf'
2024/07/23 18:38:59.231 [I] New font added in fontset: '/System/Library/Fonts/Supplemental/Krungthep.ttf'
2024/07/23 18:38:59.231 [I] New font added in fontset: '/System/Library/Fonts/Supplemental/Lao Sangam MN.ttf'
2024/07/23 18:38:59.232 [I] New font added in fontset: '/System/Library/Fonts/Supplemental/Luminari.ttf'
2024/07/23 18:38:59.234 [I] New font added in fontset: '/System/Library/Fonts/Supplemental/Microsoft Sans Serif.ttf'
2024/07/23 18:38:59.234 [I] New font added in fontset: '/System/Library/Fonts/Supplemental/Mishafi Gold.ttf'
2024/07/23 18:38:59.235 [I] New font added in fontset: '/System/Library/Fonts/Supplemental/Mishafi.ttf'
2024/07/23 18:38:59.236 [E] FT2font.Activate(): FT_Error 2 ('unknown file format') while activating font-file: '/System/Library/Fonts/Supplemental/NISC18030.ttf'
2024/07/23 18:38:59.236 [E] appendAllFontsOfDir(): FT2-Error 2 loading FontFile: '/System/Library/Fonts/Supplemental/NISC18030.ttf'
2024/07/23 18:38:59.236 [I] New font added in fontset: '/System/Library/Fonts/Supplemental/NotoSansAdlam-Regular.ttf'
2024/07/23 18:38:59.236 [I] New font added in fontset: '/System/Library/Fonts/Supplemental/NotoSansAvestan-Regular.ttf'
2024/07/23 18:38:59.236 [I] New font added in fontset: '/System/Library/Fonts/Supplemental/NotoSansBamum-Regular.ttf'
2024/07/23 18:38:59.236 [I] New font added in fontset: '/System/Library/Fonts/Supplemental/NotoSansBassaVah-Regular.ttf'
2024/07/23 18:38:59.237 [I] New font added in fontset: '/System/Library/Fonts/Supplemental/NotoSansBatak-Regular.ttf'
2024/07/23 18:38:59.237 [I] New font added in fontset: '/System/Library/Fonts/Supplemental/NotoSansBhaiksuki-Regular.ttf'
2024/07/23 18:38:59.238 [I] New font added in fontset: '/System/Library/Fonts/Supplemental/NotoSansBrahmi-Regular.ttf'
2024/07/23 18:38:59.238 [I] New font added in fontset: '/System/Library/Fonts/Supplemental/NotoSansBuginese-Regular.ttf'
2024/07/23 18:38:59.238 [I] New font added in fontset: '/System/Library/Fonts/Supplemental/NotoSansBuhid-Regular.ttf'
2024/07/23 18:38:59.238 [I] New font added in fontset: '/System/Library/Fonts/Supplemental/NotoSansCanadianAboriginal-Regular.otf'
2024/07/23 18:38:59.238 [I] New font added in fontset: '/System/Library/Fonts/Supplemental/NotoSansCarian-Regular.ttf'
2024/07/23 18:38:59.238 [I] New font added in fontset: '/System/Library/Fonts/Supplemental/NotoSansCaucasianAlbanian-Regular.ttf'
2024/07/23 18:38:59.238 [I] New font added in fontset: '/System/Library/Fonts/Supplemental/NotoSansChakma-Regular.ttf'
2024/07/23 18:38:59.239 [I] New font added in fontset: '/System/Library/Fonts/Supplemental/NotoSansCham-Regular.ttf'
2024/07/23 18:38:59.239 [I] New font added in fontset: '/System/Library/Fonts/Supplemental/NotoSansCoptic-Regular.ttf'
2024/07/23 18:38:59.239 [I] New font added in fontset: '/System/Library/Fonts/Supplemental/NotoSansCuneiform-Regular.ttf'
2024/07/23 18:38:59.239 [I] New font added in fontset: '/System/Library/Fonts/Supplemental/NotoSansCypriot-Regular.ttf'
2024/07/23 18:38:59.239 [I] New font added in fontset: '/System/Library/Fonts/Supplemental/NotoSansDuployan-Regular.ttf'
2024/07/23 18:38:59.240 [I] New font added in fontset: '/System/Library/Fonts/Supplemental/NotoSansEgyptianHieroglyphs-Regular.ttf'
2024/07/23 18:38:59.240 [I] New font added in fontset: '/System/Library/Fonts/Supplemental/NotoSansElbasan-Regular.ttf'
2024/07/23 18:38:59.240 [I] New font added in fontset: '/System/Library/Fonts/Supplemental/NotoSansGlagolitic-Regular.ttf'
2024/07/23 18:38:59.240 [I] New font added in fontset: '/System/Library/Fonts/Supplemental/NotoSansGothic-Regular.ttf'
2024/07/23 18:38:59.241 [I] New font added in fontset: '/System/Library/Fonts/Supplemental/NotoSansGunjalaGondi-Regular.otf'
2024/07/23 18:38:59.241 [I] New font added in fontset: '/System/Library/Fonts/Supplemental/NotoSansHanifiRohingya-Regular.ttf'
2024/07/23 18:38:59.241 [I] New font added in fontset: '/System/Library/Fonts/Supplemental/NotoSansHanunoo-Regular.ttf'
2024/07/23 18:38:59.241 [I] New font added in fontset: '/System/Library/Fonts/Supplemental/NotoSansHatran-Regular.ttf'
2024/07/23 18:38:59.241 [I] New font added in fontset: '/System/Library/Fonts/Supplemental/NotoSansImperialAramaic-Regular.ttf'
2024/07/23 18:38:59.241 [I] New font added in fontset: '/System/Library/Fonts/Supplemental/NotoSansInscriptionalPahlavi-Regular.ttf'
2024/07/23 18:38:59.241 [I] New font added in fontset: '/System/Library/Fonts/Supplemental/NotoSansInscriptionalParthian-Regular.ttf'
2024/07/23 18:38:59.242 [I] New font added in fontset: '/System/Library/Fonts/Supplemental/NotoSansJavanese-Regular.otf'
2024/07/23 18:38:59.242 [I] New font added in fontset: '/System/Library/Fonts/Supplemental/NotoSansKaithi-Regular.ttf'
2024/07/23 18:38:59.242 [I] New font added in fontset: '/System/Library/Fonts/Supplemental/NotoSansKayahLi-Regular.ttf'
2024/07/23 18:38:59.242 [I] New font added in fontset: '/System/Library/Fonts/Supplemental/NotoSansKharoshthi-Regular.ttf'
2024/07/23 18:38:59.242 [I] New font added in fontset: '/System/Library/Fonts/Supplemental/NotoSansKhojki-Regular.ttf'
2024/07/23 18:38:59.243 [I] New font added in fontset: '/System/Library/Fonts/Supplemental/NotoSansKhudawadi-Regular.ttf'
2024/07/23 18:38:59.243 [I] New font added in fontset: '/System/Library/Fonts/Supplemental/NotoSansLepcha-Regular.ttf'
2024/07/23 18:38:59.243 [I] New font added in fontset: '/System/Library/Fonts/Supplemental/NotoSansLimbu-Regular.ttf'
2024/07/23 18:38:59.243 [I] New font added in fontset: '/System/Library/Fonts/Supplemental/NotoSansLinearA-Regular.ttf'
2024/07/23 18:38:59.243 [I] New font added in fontset: '/System/Library/Fonts/Supplemental/NotoSansLinearB-Regular.ttf'
2024/07/23 18:38:59.243 [I] New font added in fontset: '/System/Library/Fonts/Supplemental/NotoSansLisu-Regular.ttf'
2024/07/23 18:38:59.243 [I] New font added in fontset: '/System/Library/Fonts/Supplemental/NotoSansLycian-Regular.ttf'
2024/07/23 18:38:59.244 [I] New font added in fontset: '/System/Library/Fonts/Supplemental/NotoSansLydian-Regular.ttf'
2024/07/23 18:38:59.244 [I] New font added in fontset: '/System/Library/Fonts/Supplemental/NotoSansMahajani-Regular.ttf'
2024/07/23 18:38:59.244 [I] New font added in fontset: '/System/Library/Fonts/Supplemental/NotoSansMandaic-Regular.ttf'
2024/07/23 18:38:59.244 [I] New font added in fontset: '/System/Library/Fonts/Supplemental/NotoSansManichaean-Regular.ttf'
2024/07/23 18:38:59.244 [I] New font added in fontset: '/System/Library/Fonts/Supplemental/NotoSansMarchen-Regular.ttf'
2024/07/23 18:38:59.245 [I] New font added in fontset: '/System/Library/Fonts/Supplemental/NotoSansMasaramGondi-Regular.otf'
2024/07/23 18:38:59.245 [I] New font added in fontset: '/System/Library/Fonts/Supplemental/NotoSansMeeteiMayek-Regular.ttf'
2024/07/23 18:38:59.245 [I] New font added in fontset: '/System/Library/Fonts/Supplemental/NotoSansMendeKikakui-Regular.ttf'
2024/07/23 18:38:59.245 [I] New font added in fontset: '/System/Library/Fonts/Supplemental/NotoSansMeroitic-Regular.ttf'
2024/07/23 18:38:59.245 [I] New font added in fontset: '/System/Library/Fonts/Supplemental/NotoSansMiao-Regular.ttf'
2024/07/23 18:38:59.246 [I] New font added in fontset: '/System/Library/Fonts/Supplemental/NotoSansModi-Regular.ttf'
2024/07/23 18:38:59.246 [I] New font added in fontset: '/System/Library/Fonts/Supplemental/NotoSansMongolian-Regular.ttf'
2024/07/23 18:38:59.246 [I] New font added in fontset: '/System/Library/Fonts/Supplemental/NotoSansMro-Regular.ttf'
2024/07/23 18:38:59.246 [I] New font added in fontset: '/System/Library/Fonts/Supplemental/NotoSansMultani-Regular.ttf'
2024/07/23 18:38:59.246 [I] New font added in fontset: '/System/Library/Fonts/Supplemental/NotoSansNabataean-Regular.ttf'
2024/07/23 18:38:59.246 [I] New font added in fontset: '/System/Library/Fonts/Supplemental/NotoSansNewa-Regular.ttf'
2024/07/23 18:38:59.246 [I] New font added in fontset: '/System/Library/Fonts/Supplemental/NotoSansNewTaiLue-Regular.ttf'
2024/07/23 18:38:59.247 [I] New font added in fontset: '/System/Library/Fonts/Supplemental/NotoSansNKo-Regular.ttf'
2024/07/23 18:38:59.247 [I] New font added in fontset: '/System/Library/Fonts/Supplemental/NotoSansOlChiki-Regular.ttf'
2024/07/23 18:38:59.247 [I] New font added in fontset: '/System/Library/Fonts/Supplemental/NotoSansOldHungarian-Regular.ttf'
2024/07/23 18:38:59.247 [I] New font added in fontset: '/System/Library/Fonts/Supplemental/NotoSansOldItalic-Regular.ttf'
2024/07/23 18:38:59.247 [I] New font added in fontset: '/System/Library/Fonts/Supplemental/NotoSansOldNorthArabian-Regular.ttf'
2024/07/23 18:38:59.247 [I] New font added in fontset: '/System/Library/Fonts/Supplemental/NotoSansOldPermic-Regular.ttf'
2024/07/23 18:38:59.247 [I] New font added in fontset: '/System/Library/Fonts/Supplemental/NotoSansOldPersian-Regular.ttf'
2024/07/23 18:38:59.248 [I] New font added in fontset: '/System/Library/Fonts/Supplemental/NotoSansOldSouthArabian-Regular.ttf'
2024/07/23 18:38:59.248 [I] New font added in fontset: '/System/Library/Fonts/Supplemental/NotoSansOldTurkic-Regular.ttf'
2024/07/23 18:38:59.248 [I] New font added in fontset: '/System/Library/Fonts/Supplemental/NotoSansOsage-Regular.ttf'
2024/07/23 18:38:59.248 [I] New font added in fontset: '/System/Library/Fonts/Supplemental/NotoSansOsmanya-Regular.ttf'
2024/07/23 18:38:59.248 [I] New font added in fontset: '/System/Library/Fonts/Supplemental/NotoSansPahawhHmong-Regular.ttf'
2024/07/23 18:38:59.248 [I] New font added in fontset: '/System/Library/Fonts/Supplemental/NotoSansPalmyrene-Regular.ttf'
2024/07/23 18:38:59.248 [I] New font added in fontset: '/System/Library/Fonts/Supplemental/NotoSansPauCinHau-Regular.ttf'
2024/07/23 18:38:59.248 [I] New font added in fontset: '/System/Library/Fonts/Supplemental/NotoSansPhagsPa-Regular.ttf'
2024/07/23 18:38:59.248 [I] New font added in fontset: '/System/Library/Fonts/Supplemental/NotoSansPhoenician-Regular.ttf'
2024/07/23 18:38:59.249 [I] New font added in fontset: '/System/Library/Fonts/Supplemental/NotoSansPsalterPahlavi-Regular.ttf'
2024/07/23 18:38:59.249 [I] New font added in fontset: '/System/Library/Fonts/Supplemental/NotoSansRejang-Regular.ttf'
2024/07/23 18:38:59.249 [I] New font added in fontset: '/System/Library/Fonts/Supplemental/NotoSansSamaritan-Regular.ttf'
2024/07/23 18:38:59.249 [I] New font added in fontset: '/System/Library/Fonts/Supplemental/NotoSansSaurashtra-Regular.ttf'
2024/07/23 18:38:59.249 [I] New font added in fontset: '/System/Library/Fonts/Supplemental/NotoSansSharada-Regular.ttf'
2024/07/23 18:38:59.250 [I] New font added in fontset: '/System/Library/Fonts/Supplemental/NotoSansSiddham-Regular.otf'
2024/07/23 18:38:59.250 [I] New font added in fontset: '/System/Library/Fonts/Supplemental/NotoSansSoraSompeng-Regular.ttf'
2024/07/23 18:38:59.250 [I] New font added in fontset: '/System/Library/Fonts/Supplemental/NotoSansSundanese-Regular.ttf'
2024/07/23 18:38:59.250 [I] New font added in fontset: '/System/Library/Fonts/Supplemental/NotoSansSylotiNagri-Regular.ttf'
2024/07/23 18:38:59.251 [I] New font added in fontset: '/System/Library/Fonts/Supplemental/NotoSansSyriac-Regular.ttf'
2024/07/23 18:38:59.251 [I] New font added in fontset: '/System/Library/Fonts/Supplemental/NotoSansTagalog-Regular.ttf'
2024/07/23 18:38:59.251 [I] New font added in fontset: '/System/Library/Fonts/Supplemental/NotoSansTagbanwa-Regular.ttf'
2024/07/23 18:38:59.251 [I] New font added in fontset: '/System/Library/Fonts/Supplemental/NotoSansTaiLe-Regular.ttf'
2024/07/23 18:38:59.251 [I] New font added in fontset: '/System/Library/Fonts/Supplemental/NotoSansTaiTham-Regular.ttf'
2024/07/23 18:38:59.252 [I] New font added in fontset: '/System/Library/Fonts/Supplemental/NotoSansTaiViet-Regular.ttf'
2024/07/23 18:38:59.252 [I] New font added in fontset: '/System/Library/Fonts/Supplemental/NotoSansTakri-Regular.ttf'
2024/07/23 18:38:59.252 [I] New font added in fontset: '/System/Library/Fonts/Supplemental/NotoSansThaana-Regular.ttf'
2024/07/23 18:38:59.252 [I] New font added in fontset: '/System/Library/Fonts/Supplemental/NotoSansTifinagh-Regular.otf'
2024/07/23 18:38:59.252 [I] New font added in fontset: '/System/Library/Fonts/Supplemental/NotoSansTirhuta-Regular.ttf'
2024/07/23 18:38:59.252 [I] New font added in fontset: '/System/Library/Fonts/Supplemental/NotoSansUgaritic-Regular.ttf'
2024/07/23 18:38:59.252 [I] New font added in fontset: '/System/Library/Fonts/Supplemental/NotoSansVai-Regular.ttf'
2024/07/23 18:38:59.253 [I] New font added in fontset: '/System/Library/Fonts/Supplemental/NotoSansWancho-Regular.ttf'
2024/07/23 18:38:59.253 [I] New font added in fontset: '/System/Library/Fonts/Supplemental/NotoSansWarangCiti-Regular.ttf'
2024/07/23 18:38:59.253 [I] New font added in fontset: '/System/Library/Fonts/Supplemental/NotoSansYi-Regular.ttf'
2024/07/23 18:38:59.253 [I] New font added in fontset: '/System/Library/Fonts/Supplemental/NotoSerifAhom-Regular.ttf'
2024/07/23 18:38:59.254 [I] New font added in fontset: '/System/Library/Fonts/Supplemental/NotoSerifBalinese-Regular.ttf'
2024/07/23 18:38:59.254 [I] New font added in fontset: '/System/Library/Fonts/Supplemental/NotoSerifNyiakengPuachueHmong-Regular.ttf'
2024/07/23 18:38:59.254 [I] New font added in fontset: '/System/Library/Fonts/Supplemental/NotoSerifYezidi-Regular.otf'
2024/07/23 18:38:59.255 [I] New font added in fontset: '/System/Library/Fonts/Supplemental/PartyLET-plain.ttf'
2024/07/23 18:38:59.255 [I] New font added in fontset: '/System/Library/Fonts/Supplemental/PlantagenetCherokee.ttf'
2024/07/23 18:38:59.256 [I] New font added in fontset: '/System/Library/Fonts/Supplemental/Sathu.ttf'
2024/07/23 18:38:59.256 [I] New font added in fontset: '/System/Library/Fonts/Supplemental/Silom.ttf'
2024/07/23 18:38:59.257 [I] New font added in fontset: '/System/Library/Fonts/Supplemental/Skia.ttf'
2024/07/23 18:38:59.258 [I] New font added in fontset: '/System/Library/Fonts/Supplemental/STIXGeneral.otf'
2024/07/23 18:38:59.259 [I] New font added in fontset: '/System/Library/Fonts/Supplemental/STIXGeneralBol.otf'
2024/07/23 18:38:59.259 [I] New font added in fontset: '/System/Library/Fonts/Supplemental/STIXGeneralBolIta.otf'
2024/07/23 18:38:59.259 [I] New font added in fontset: '/System/Library/Fonts/Supplemental/STIXGeneralItalic.otf'
2024/07/23 18:38:59.259 [I] New font added in fontset: '/System/Library/Fonts/Supplemental/STIXIntDBol.otf'
2024/07/23 18:38:59.260 [I] New font added in fontset: '/System/Library/Fonts/Supplemental/STIXIntDReg.otf'
2024/07/23 18:38:59.260 [I] New font added in fontset: '/System/Library/Fonts/Supplemental/STIXIntSmBol.otf'
2024/07/23 18:38:59.260 [I] New font added in fontset: '/System/Library/Fonts/Supplemental/STIXIntSmReg.otf'
2024/07/23 18:38:59.260 [I] New font added in fontset: '/System/Library/Fonts/Supplemental/STIXIntUpBol.otf'
2024/07/23 18:38:59.260 [I] New font added in fontset: '/System/Library/Fonts/Supplemental/STIXIntUpDBol.otf'
2024/07/23 18:38:59.261 [I] New font added in fontset: '/System/Library/Fonts/Supplemental/STIXIntUpDReg.otf'
2024/07/23 18:38:59.261 [I] New font added in fontset: '/System/Library/Fonts/Supplemental/STIXIntUpReg.otf'
2024/07/23 18:38:59.261 [I] New font added in fontset: '/System/Library/Fonts/Supplemental/STIXIntUpSmBol.otf'
2024/07/23 18:38:59.261 [I] New font added in fontset: '/System/Library/Fonts/Supplemental/STIXIntUpSmReg.otf'
2024/07/23 18:38:59.261 [I] New font added in fontset: '/System/Library/Fonts/Supplemental/STIXNonUni.otf'
2024/07/23 18:38:59.261 [I] New font added in fontset: '/System/Library/Fonts/Supplemental/STIXNonUniBol.otf'
2024/07/23 18:38:59.262 [I] New font added in fontset: '/System/Library/Fonts/Supplemental/STIXNonUniBolIta.otf'
2024/07/23 18:38:59.262 [I] New font added in fontset: '/System/Library/Fonts/Supplemental/STIXNonUniIta.otf'
2024/07/23 18:38:59.262 [I] New font added in fontset: '/System/Library/Fonts/Supplemental/STIXSizFiveSymReg.otf'
2024/07/23 18:38:59.262 [I] New font added in fontset: '/System/Library/Fonts/Supplemental/STIXSizFourSymBol.otf'
2024/07/23 18:38:59.262 [I] New font added in fontset: '/System/Library/Fonts/Supplemental/STIXSizFourSymReg.otf'
2024/07/23 18:38:59.262 [I] New font added in fontset: '/System/Library/Fonts/Supplemental/STIXSizOneSymBol.otf'
2024/07/23 18:38:59.262 [I] New font added in fontset: '/System/Library/Fonts/Supplemental/STIXSizOneSymReg.otf'
2024/07/23 18:38:59.262 [I] New font added in fontset: '/System/Library/Fonts/Supplemental/STIXSizThreeSymBol.otf'
2024/07/23 18:38:59.263 [I] New font added in fontset: '/System/Library/Fonts/Supplemental/STIXSizThreeSymReg.otf'
2024/07/23 18:38:59.263 [I] New font added in fontset: '/System/Library/Fonts/Supplemental/STIXSizTwoSymBol.otf'
2024/07/23 18:38:59.263 [I] New font added in fontset: '/System/Library/Fonts/Supplemental/STIXSizTwoSymReg.otf'
2024/07/23 18:38:59.263 [I] New font added in fontset: '/System/Library/Fonts/Supplemental/STIXTwoMath.otf'
2024/07/23 18:38:59.264 [I] New font added in fontset: '/System/Library/Fonts/Supplemental/STIXTwoText-Italic.ttf'
2024/07/23 18:38:59.264 [I] New font added in fontset: '/System/Library/Fonts/Supplemental/STIXTwoText.ttf'
2024/07/23 18:38:59.264 [I] New font added in fontset: '/System/Library/Fonts/Supplemental/STIXVar.otf'
2024/07/23 18:38:59.265 [I] New font added in fontset: '/System/Library/Fonts/Supplemental/STIXVarBol.otf'
2024/07/23 18:38:59.266 [I] New font added in fontset: '/System/Library/Fonts/Supplemental/Tahoma Bold.ttf'
2024/07/23 18:38:59.267 [I] New font added in fontset: '/System/Library/Fonts/Supplemental/Tahoma.ttf'
2024/07/23 18:38:59.269 [I] New font added in fontset: '/System/Library/Fonts/Supplemental/Times New Roman Bold Italic.ttf'
2024/07/23 18:38:59.270 [I] New font added in fontset: '/System/Library/Fonts/Supplemental/Times New Roman Bold.ttf'
2024/07/23 18:38:59.271 [I] New font added in fontset: '/System/Library/Fonts/Supplemental/Times New Roman Italic.ttf'
2024/07/23 18:38:59.272 [I] New font added in fontset: '/System/Library/Fonts/Supplemental/Times New Roman.ttf'
2024/07/23 18:38:59.273 [I] New font added in fontset: '/System/Library/Fonts/Supplemental/Trattatello.ttf'
2024/07/23 18:38:59.273 [I] New font added in fontset: '/System/Library/Fonts/Supplemental/Trebuchet MS Bold Italic.ttf'
2024/07/23 18:38:59.274 [I] New font added in fontset: '/System/Library/Fonts/Supplemental/Trebuchet MS Bold.ttf'
2024/07/23 18:38:59.274 [I] New font added in fontset: '/System/Library/Fonts/Supplemental/Trebuchet MS Italic.ttf'
2024/07/23 18:38:59.274 [I] New font added in fontset: '/System/Library/Fonts/Supplemental/Trebuchet MS.ttf'
2024/07/23 18:38:59.275 [I] New font added in fontset: '/System/Library/Fonts/Supplemental/Verdana Bold Italic.ttf'
2024/07/23 18:38:59.275 [I] New font added in fontset: '/System/Library/Fonts/Supplemental/Verdana Bold.ttf'
2024/07/23 18:38:59.276 [I] New font added in fontset: '/System/Library/Fonts/Supplemental/Verdana Italic.ttf'
2024/07/23 18:38:59.276 [I] New font added in fontset: '/System/Library/Fonts/Supplemental/Verdana.ttf'
2024/07/23 18:38:59.277 [I] New font added in fontset: '/System/Library/Fonts/Supplemental/Webdings.ttf'
2024/07/23 18:38:59.277 [I] New font added in fontset: '/System/Library/Fonts/Supplemental/Wingdings 2.ttf'
2024/07/23 18:38:59.277 [I] New font added in fontset: '/System/Library/Fonts/Supplemental/Wingdings 3.ttf'
2024/07/23 18:38:59.277 [I] New font added in fontset: '/System/Library/Fonts/Supplemental/Wingdings.ttf'
2024/07/23 18:38:59.277 [I] New font added in fontset: '/System/Library/Fonts/Supplemental/Zapfino.ttf'
2024/07/23 18:38:59.289 [E] Load Fontsets - Result: -1
2024/07/23 18:38:59.290 [I] New font added in fontset: '/Users/ivanleopoldo/Library/Fonts/HackNerdFont-Bold.ttf'
2024/07/23 18:38:59.290 [I] New font added in fontset: '/Users/ivanleopoldo/Library/Fonts/HackNerdFont-BoldItalic.ttf'
2024/07/23 18:38:59.290 [I] New font added in fontset: '/Users/ivanleopoldo/Library/Fonts/HackNerdFont-Italic.ttf'
2024/07/23 18:38:59.290 [I] New font added in fontset: '/Users/ivanleopoldo/Library/Fonts/HackNerdFont-Regular.ttf'
2024/07/23 18:38:59.290 [I] New font added in fontset: '/Users/ivanleopoldo/Library/Fonts/HackNerdFontMono-Bold.ttf'
2024/07/23 18:38:59.290 [I] New font added in fontset: '/Users/ivanleopoldo/Library/Fonts/HackNerdFontMono-BoldItalic.ttf'
2024/07/23 18:38:59.290 [I] New font added in fontset: '/Users/ivanleopoldo/Library/Fonts/HackNerdFontMono-Italic.ttf'
2024/07/23 18:38:59.290 [I] New font added in fontset: '/Users/ivanleopoldo/Library/Fonts/HackNerdFontMono-Regular.ttf'
2024/07/23 18:38:59.290 [I] New font added in fontset: '/Users/ivanleopoldo/Library/Fonts/HackNerdFontPropo-Bold.ttf'
2024/07/23 18:38:59.290 [I] New font added in fontset: '/Users/ivanleopoldo/Library/Fonts/HackNerdFontPropo-BoldItalic.ttf'
2024/07/23 18:38:59.290 [I] New font added in fontset: '/Users/ivanleopoldo/Library/Fonts/HackNerdFontPropo-Italic.ttf'
2024/07/23 18:38:59.291 [I] New font added in fontset: '/Users/ivanleopoldo/Library/Fonts/HackNerdFontPropo-Regular.ttf'
2024/07/23 18:38:59.291 [I] New font added in fontset: '/Users/ivanleopoldo/Library/Fonts/LigaSFMonoNerdFont-Bold.otf'
2024/07/23 18:38:59.291 [I] New font added in fontset: '/Users/ivanleopoldo/Library/Fonts/LigaSFMonoNerdFont-BoldItalic.otf'
2024/07/23 18:38:59.292 [I] New font added in fontset: '/Users/ivanleopoldo/Library/Fonts/LigaSFMonoNerdFont-Heavy.otf'
2024/07/23 18:38:59.292 [I] New font added in fontset: '/Users/ivanleopoldo/Library/Fonts/LigaSFMonoNerdFont-HeavyItalic.otf'
2024/07/23 18:38:59.292 [I] New font added in fontset: '/Users/ivanleopoldo/Library/Fonts/LigaSFMonoNerdFont-Light.otf'
2024/07/23 18:38:59.292 [I] New font added in fontset: '/Users/ivanleopoldo/Library/Fonts/LigaSFMonoNerdFont-LightItalic.otf'
2024/07/23 18:38:59.293 [I] New font added in fontset: '/Users/ivanleopoldo/Library/Fonts/LigaSFMonoNerdFont-Medium.otf'
2024/07/23 18:38:59.293 [I] New font added in fontset: '/Users/ivanleopoldo/Library/Fonts/LigaSFMonoNerdFont-MediumItalic.otf'
2024/07/23 18:38:59.293 [I] New font added in fontset: '/Users/ivanleopoldo/Library/Fonts/LigaSFMonoNerdFont-Regular.otf'
2024/07/23 18:38:59.294 [I] New font added in fontset: '/Users/ivanleopoldo/Library/Fonts/LigaSFMonoNerdFont-RegularItalic.otf'
2024/07/23 18:38:59.294 [I] New font added in fontset: '/Users/ivanleopoldo/Library/Fonts/LigaSFMonoNerdFont-Semibold.otf'
2024/07/23 18:38:59.294 [I] New font added in fontset: '/Users/ivanleopoldo/Library/Fonts/LigaSFMonoNerdFont-SemiboldItalic.otf'
2024/07/23 18:38:59.294 [I] New font added in fontset: '/Users/ivanleopoldo/Library/Fonts/MesloLGS NF Bold Italic.ttf'
2024/07/23 18:38:59.294 [I] New font added in fontset: '/Users/ivanleopoldo/Library/Fonts/MesloLGS NF Bold.ttf'
2024/07/23 18:38:59.294 [I] New font added in fontset: '/Users/ivanleopoldo/Library/Fonts/MesloLGS NF Italic.ttf'
2024/07/23 18:38:59.295 [I] New font added in fontset: '/Users/ivanleopoldo/Library/Fonts/MesloLGS NF Regular.ttf'
2024/07/23 18:38:59.297 [I] New font added in fontset: '/System/Library/Fonts/Apple Braille Outline 6 Dot.ttf'
2024/07/23 18:38:59.297 [I] New font added in fontset: '/System/Library/Fonts/Apple Braille Outline 8 Dot.ttf'
2024/07/23 18:38:59.297 [I] New font added in fontset: '/System/Library/Fonts/Apple Braille Pinpoint 6 Dot.ttf'
2024/07/23 18:38:59.297 [I] New font added in fontset: '/System/Library/Fonts/Apple Braille Pinpoint 8 Dot.ttf'
2024/07/23 18:38:59.297 [I] New font added in fontset: '/System/Library/Fonts/Apple Braille.ttf'
2024/07/23 18:38:59.297 [I] New font added in fontset: '/System/Library/Fonts/Apple Symbols.ttf'
2024/07/23 18:38:59.297 [I] New font added in fontset: '/System/Library/Fonts/Geneva.ttf'
2024/07/23 18:38:59.297 [I] New font added in fontset: '/System/Library/Fonts/Keyboard.ttf'
2024/07/23 18:38:59.298 [I] New font added in fontset: '/System/Library/Fonts/LastResort.otf'
2024/07/23 18:38:59.298 [I] New font added in fontset: '/System/Library/Fonts/Monaco.ttf'
2024/07/23 18:38:59.298 [I] New font added in fontset: '/System/Library/Fonts/NewYork.ttf'
2024/07/23 18:38:59.298 [I] New font added in fontset: '/System/Library/Fonts/NewYorkItalic.ttf'
2024/07/23 18:38:59.298 [I] New font added in fontset: '/System/Library/Fonts/SFArabic.ttf'
2024/07/23 18:38:59.298 [I] New font added in fontset: '/System/Library/Fonts/SFArabicRounded.ttf'
2024/07/23 18:38:59.298 [I] New font added in fontset: '/System/Library/Fonts/SFArmenian.ttf'
2024/07/23 18:38:59.298 [I] New font added in fontset: '/System/Library/Fonts/SFArmenianRounded.ttf'
2024/07/23 18:38:59.298 [I] New font added in fontset: '/System/Library/Fonts/SFCamera.ttf'
2024/07/23 18:38:59.298 [I] New font added in fontset: '/System/Library/Fonts/SFCompact.ttf'
2024/07/23 18:38:59.298 [I] New font added in fontset: '/System/Library/Fonts/SFCompactItalic.ttf'
2024/07/23 18:38:59.298 [I] New font added in fontset: '/System/Library/Fonts/SFCompactRounded.ttf'
2024/07/23 18:38:59.298 [I] New font added in fontset: '/System/Library/Fonts/SFGeorgian.ttf'
2024/07/23 18:38:59.298 [I] New font added in fontset: '/System/Library/Fonts/SFGeorgianRounded.ttf'
2024/07/23 18:38:59.298 [I] New font added in fontset: '/System/Library/Fonts/SFHebrew.ttf'
2024/07/23 18:38:59.298 [I] New font added in fontset: '/System/Library/Fonts/SFHebrewRounded.ttf'
2024/07/23 18:38:59.299 [I] New font added in fontset: '/System/Library/Fonts/SFNS.ttf'
2024/07/23 18:38:59.299 [I] New font added in fontset: '/System/Library/Fonts/SFNSItalic.ttf'
2024/07/23 18:38:59.299 [I] New font added in fontset: '/System/Library/Fonts/SFNSMono.ttf'
2024/07/23 18:38:59.299 [I] New font added in fontset: '/System/Library/Fonts/SFNSMonoItalic.ttf'
2024/07/23 18:38:59.299 [I] New font added in fontset: '/System/Library/Fonts/SFNSRounded.ttf'
2024/07/23 18:38:59.299 [I] New font added in fontset: '/System/Library/Fonts/Symbol.ttf'
2024/07/23 18:38:59.299 [I] New font added in fontset: '/System/Library/Fonts/ZapfDingbats.ttf'
2024/07/23 18:38:59.308 [I] New font added in fontset: '/System/Library/Fonts/Supplemental/Academy Engraved LET Fonts.ttf'
2024/07/23 18:38:59.308 [I] New font added in fontset: '/System/Library/Fonts/Supplemental/Andale Mono.ttf'
2024/07/23 18:38:59.308 [I] New font added in fontset: '/System/Library/Fonts/Supplemental/Apple Chancery.ttf'
2024/07/23 18:38:59.308 [I] New font added in fontset: '/System/Library/Fonts/Supplemental/AppleGothic.ttf'
2024/07/23 18:38:59.309 [I] New font added in fontset: '/System/Library/Fonts/Supplemental/AppleMyungjo.ttf'
2024/07/23 18:38:59.309 [I] New font added in fontset: '/System/Library/Fonts/Supplemental/Arial Black.ttf'
2024/07/23 18:38:59.309 [I] New font added in fontset: '/System/Library/Fonts/Supplemental/Arial Bold Italic.ttf'
2024/07/23 18:38:59.309 [I] New font added in fontset: '/System/Library/Fonts/Supplemental/Arial Bold.ttf'
2024/07/23 18:38:59.309 [I] New font added in fontset: '/System/Library/Fonts/Supplemental/Arial Italic.ttf'
2024/07/23 18:38:59.309 [I] New font added in fontset: '/System/Library/Fonts/Supplemental/Arial Narrow Bold Italic.ttf'
2024/07/23 18:38:59.309 [I] New font added in fontset: '/System/Library/Fonts/Supplemental/Arial Narrow Bold.ttf'
2024/07/23 18:38:59.309 [I] New font added in fontset: '/System/Library/Fonts/Supplemental/Arial Narrow Italic.ttf'
2024/07/23 18:38:59.309 [I] New font added in fontset: '/System/Library/Fonts/Supplemental/Arial Narrow.ttf'
2024/07/23 18:38:59.309 [I] New font added in fontset: '/System/Library/Fonts/Supplemental/Arial Rounded Bold.ttf'
2024/07/23 18:38:59.310 [I] New font added in fontset: '/System/Library/Fonts/Supplemental/Arial Unicode.ttf'
2024/07/23 18:38:59.310 [I] New font added in fontset: '/System/Library/Fonts/Supplemental/Arial.ttf'
2024/07/23 18:38:59.310 [I] New font added in fontset: '/System/Library/Fonts/Supplemental/Ayuthaya.ttf'
2024/07/23 18:38:59.310 [I] New font added in fontset: '/System/Library/Fonts/Supplemental/BigCaslon.ttf'
2024/07/23 18:38:59.310 [I] New font added in fontset: '/System/Library/Fonts/Supplemental/Bodoni 72 Smallcaps Book.ttf'
2024/07/23 18:38:59.310 [I] New font added in fontset: '/System/Library/Fonts/Supplemental/Bodoni Ornaments.ttf'
2024/07/23 18:38:59.310 [I] New font added in fontset: '/System/Library/Fonts/Supplemental/Bradley Hand Bold.ttf'
2024/07/23 18:38:59.310 [I] New font added in fontset: '/System/Library/Fonts/Supplemental/Brush Script.ttf'
2024/07/23 18:38:59.310 [I] New font added in fontset: '/System/Library/Fonts/Supplemental/Chalkduster.ttf'
2024/07/23 18:38:59.310 [I] New font added in fontset: '/System/Library/Fonts/Supplemental/Comic Sans MS Bold.ttf'
2024/07/23 18:38:59.310 [I] New font added in fontset: '/System/Library/Fonts/Supplemental/Comic Sans MS.ttf'
2024/07/23 18:38:59.310 [I] New font added in fontset: '/System/Library/Fonts/Supplemental/Courier New Bold Italic.ttf'
2024/07/23 18:38:59.310 [I] New font added in fontset: '/System/Library/Fonts/Supplemental/Courier New Bold.ttf'
2024/07/23 18:38:59.310 [I] New font added in fontset: '/System/Library/Fonts/Supplemental/Courier New Italic.ttf'
2024/07/23 18:38:59.310 [I] New font added in fontset: '/System/Library/Fonts/Supplemental/Courier New.ttf'
2024/07/23 18:38:59.310 [I] New font added in fontset: '/System/Library/Fonts/Supplemental/DIN Alternate Bold.ttf'
2024/07/23 18:38:59.311 [I] New font added in fontset: '/System/Library/Fonts/Supplemental/DIN Condensed Bold.ttf'
2024/07/23 18:38:59.311 [I] New font added in fontset: '/System/Library/Fonts/Supplemental/Diwan Thuluth.ttf'
2024/07/23 18:38:59.311 [I] New font added in fontset: '/System/Library/Fonts/Supplemental/Farisi.ttf'
2024/07/23 18:38:59.311 [I] New font added in fontset: '/System/Library/Fonts/Supplemental/Georgia Bold Italic.ttf'
2024/07/23 18:38:59.311 [I] New font added in fontset: '/System/Library/Fonts/Supplemental/Georgia Bold.ttf'
2024/07/23 18:38:59.311 [I] New font added in fontset: '/System/Library/Fonts/Supplemental/Georgia Italic.ttf'
2024/07/23 18:38:59.311 [I] New font added in fontset: '/System/Library/Fonts/Supplemental/Georgia.ttf'
2024/07/23 18:38:59.311 [I] New font added in fontset: '/System/Library/Fonts/Supplemental/Gurmukhi.ttf'
2024/07/23 18:38:59.311 [I] New font added in fontset: '/System/Library/Fonts/Supplemental/Herculanum.ttf'
2024/07/23 18:38:59.311 [I] New font added in fontset: '/System/Library/Fonts/Supplemental/Hoefler Text Ornaments.ttf'
2024/07/23 18:38:59.311 [I] New font added in fontset: '/System/Library/Fonts/Supplemental/Impact.ttf'
2024/07/23 18:38:59.311 [I] New font added in fontset: '/System/Library/Fonts/Supplemental/Khmer Sangam MN.ttf'
2024/07/23 18:38:59.311 [I] New font added in fontset: '/System/Library/Fonts/Supplemental/Kokonor.ttf'
2024/07/23 18:38:59.311 [I] New font added in fontset: '/System/Library/Fonts/Supplemental/Krungthep.ttf'
2024/07/23 18:38:59.311 [I] New font added in fontset: '/System/Library/Fonts/Supplemental/Lao Sangam MN.ttf'
2024/07/23 18:38:59.311 [I] New font added in fontset: '/System/Library/Fonts/Supplemental/Luminari.ttf'
2024/07/23 18:38:59.312 [I] New font added in fontset: '/System/Library/Fonts/Supplemental/Microsoft Sans Serif.ttf'
2024/07/23 18:38:59.312 [I] New font added in fontset: '/System/Library/Fonts/Supplemental/Mishafi Gold.ttf'
2024/07/23 18:38:59.312 [I] New font added in fontset: '/System/Library/Fonts/Supplemental/Mishafi.ttf'
2024/07/23 18:38:59.312 [E] FT2font.Activate(): FT_Error 2 ('unknown file format') while activating font-file: '/System/Library/Fonts/Supplemental/NISC18030.ttf'
2024/07/23 18:38:59.312 [E] appendAllFontsOfDir(): FT2-Error 2 loading FontFile: '/System/Library/Fonts/Supplemental/NISC18030.ttf'
2024/07/23 18:38:59.312 [I] New font added in fontset: '/System/Library/Fonts/Supplemental/NotoSansAdlam-Regular.ttf'
2024/07/23 18:38:59.312 [I] New font added in fontset: '/System/Library/Fonts/Supplemental/NotoSansAvestan-Regular.ttf'
2024/07/23 18:38:59.312 [I] New font added in fontset: '/System/Library/Fonts/Supplemental/NotoSansBamum-Regular.ttf'
2024/07/23 18:38:59.312 [I] New font added in fontset: '/System/Library/Fonts/Supplemental/NotoSansBassaVah-Regular.ttf'
2024/07/23 18:38:59.312 [I] New font added in fontset: '/System/Library/Fonts/Supplemental/NotoSansBatak-Regular.ttf'
2024/07/23 18:38:59.312 [I] New font added in fontset: '/System/Library/Fonts/Supplemental/NotoSansBhaiksuki-Regular.ttf'
2024/07/23 18:38:59.312 [I] New font added in fontset: '/System/Library/Fonts/Supplemental/NotoSansBrahmi-Regular.ttf'
2024/07/23 18:38:59.312 [I] New font added in fontset: '/System/Library/Fonts/Supplemental/NotoSansBuginese-Regular.ttf'
2024/07/23 18:38:59.312 [I] New font added in fontset: '/System/Library/Fonts/Supplemental/NotoSansBuhid-Regular.ttf'
2024/07/23 18:38:59.312 [I] New font added in fontset: '/System/Library/Fonts/Supplemental/NotoSansCanadianAboriginal-Regular.otf'
2024/07/23 18:38:59.312 [I] New font added in fontset: '/System/Library/Fonts/Supplemental/NotoSansCarian-Regular.ttf'
2024/07/23 18:38:59.312 [I] New font added in fontset: '/System/Library/Fonts/Supplemental/NotoSansCaucasianAlbanian-Regular.ttf'
2024/07/23 18:38:59.312 [I] New font added in fontset: '/System/Library/Fonts/Supplemental/NotoSansChakma-Regular.ttf'
2024/07/23 18:38:59.312 [I] New font added in fontset: '/System/Library/Fonts/Supplemental/NotoSansCham-Regular.ttf'
2024/07/23 18:38:59.313 [I] New font added in fontset: '/System/Library/Fonts/Supplemental/NotoSansCoptic-Regular.ttf'
2024/07/23 18:38:59.313 [I] New font added in fontset: '/System/Library/Fonts/Supplemental/NotoSansCuneiform-Regular.ttf'
2024/07/23 18:38:59.313 [I] New font added in fontset: '/System/Library/Fonts/Supplemental/NotoSansCypriot-Regular.ttf'
2024/07/23 18:38:59.313 [I] New font added in fontset: '/System/Library/Fonts/Supplemental/NotoSansDuployan-Regular.ttf'
2024/07/23 18:38:59.313 [I] New font added in fontset: '/System/Library/Fonts/Supplemental/NotoSansEgyptianHieroglyphs-Regular.ttf'
2024/07/23 18:38:59.313 [I] New font added in fontset: '/System/Library/Fonts/Supplemental/NotoSansElbasan-Regular.ttf'
2024/07/23 18:38:59.313 [I] New font added in fontset: '/System/Library/Fonts/Supplemental/NotoSansGlagolitic-Regular.ttf'
2024/07/23 18:38:59.313 [I] New font added in fontset: '/System/Library/Fonts/Supplemental/NotoSansGothic-Regular.ttf'
2024/07/23 18:38:59.313 [I] New font added in fontset: '/System/Library/Fonts/Supplemental/NotoSansGunjalaGondi-Regular.otf'
2024/07/23 18:38:59.313 [I] New font added in fontset: '/System/Library/Fonts/Supplemental/NotoSansHanifiRohingya-Regular.ttf'
2024/07/23 18:38:59.313 [I] New font added in fontset: '/System/Library/Fonts/Supplemental/NotoSansHanunoo-Regular.ttf'
2024/07/23 18:38:59.313 [I] New font added in fontset: '/System/Library/Fonts/Supplemental/NotoSansHatran-Regular.ttf'
2024/07/23 18:38:59.313 [I] New font added in fontset: '/System/Library/Fonts/Supplemental/NotoSansImperialAramaic-Regular.ttf'
2024/07/23 18:38:59.313 [I] New font added in fontset: '/System/Library/Fonts/Supplemental/NotoSansInscriptionalPahlavi-Regular.ttf'
2024/07/23 18:38:59.313 [I] New font added in fontset: '/System/Library/Fonts/Supplemental/NotoSansInscriptionalParthian-Regular.ttf'
2024/07/23 18:38:59.313 [I] New font added in fontset: '/System/Library/Fonts/Supplemental/NotoSansJavanese-Regular.otf'
2024/07/23 18:38:59.313 [I] New font added in fontset: '/System/Library/Fonts/Supplemental/NotoSansKaithi-Regular.ttf'
2024/07/23 18:38:59.313 [I] New font added in fontset: '/System/Library/Fonts/Supplemental/NotoSansKayahLi-Regular.ttf'
2024/07/23 18:38:59.313 [I] New font added in fontset: '/System/Library/Fonts/Supplemental/NotoSansKharoshthi-Regular.ttf'
2024/07/23 18:38:59.314 [I] New font added in fontset: '/System/Library/Fonts/Supplemental/NotoSansKhojki-Regular.ttf'
2024/07/23 18:38:59.314 [I] New font added in fontset: '/System/Library/Fonts/Supplemental/NotoSansKhudawadi-Regular.ttf'
2024/07/23 18:38:59.314 [I] New font added in fontset: '/System/Library/Fonts/Supplemental/NotoSansLepcha-Regular.ttf'
2024/07/23 18:38:59.314 [I] New font added in fontset: '/System/Library/Fonts/Supplemental/NotoSansLimbu-Regular.ttf'
2024/07/23 18:38:59.314 [I] New font added in fontset: '/System/Library/Fonts/Supplemental/NotoSansLinearA-Regular.ttf'
2024/07/23 18:38:59.314 [I] New font added in fontset: '/System/Library/Fonts/Supplemental/NotoSansLinearB-Regular.ttf'
2024/07/23 18:38:59.314 [I] New font added in fontset: '/System/Library/Fonts/Supplemental/NotoSansLisu-Regular.ttf'
2024/07/23 18:38:59.314 [I] New font added in fontset: '/System/Library/Fonts/Supplemental/NotoSansLycian-Regular.ttf'
2024/07/23 18:38:59.314 [I] New font added in fontset: '/System/Library/Fonts/Supplemental/NotoSansLydian-Regular.ttf'
2024/07/23 18:38:59.314 [I] New font added in fontset: '/System/Library/Fonts/Supplemental/NotoSansMahajani-Regular.ttf'
2024/07/23 18:38:59.314 [I] New font added in fontset: '/System/Library/Fonts/Supplemental/NotoSansMandaic-Regular.ttf'
2024/07/23 18:38:59.314 [I] New font added in fontset: '/System/Library/Fonts/Supplemental/NotoSansManichaean-Regular.ttf'
2024/07/23 18:38:59.314 [I] New font added in fontset: '/System/Library/Fonts/Supplemental/NotoSansMarchen-Regular.ttf'
2024/07/23 18:38:59.314 [I] New font added in fontset: '/System/Library/Fonts/Supplemental/NotoSansMasaramGondi-Regular.otf'
2024/07/23 18:38:59.314 [I] New font added in fontset: '/System/Library/Fonts/Supplemental/NotoSansMeeteiMayek-Regular.ttf'
2024/07/23 18:38:59.314 [I] New font added in fontset: '/System/Library/Fonts/Supplemental/NotoSansMendeKikakui-Regular.ttf'
2024/07/23 18:38:59.314 [I] New font added in fontset: '/System/Library/Fonts/Supplemental/NotoSansMeroitic-Regular.ttf'
2024/07/23 18:38:59.314 [I] New font added in fontset: '/System/Library/Fonts/Supplemental/NotoSansMiao-Regular.ttf'
2024/07/23 18:38:59.314 [I] New font added in fontset: '/System/Library/Fonts/Supplemental/NotoSansModi-Regular.ttf'
2024/07/23 18:38:59.314 [I] New font added in fontset: '/System/Library/Fonts/Supplemental/NotoSansMongolian-Regular.ttf'
2024/07/23 18:38:59.315 [I] New font added in fontset: '/System/Library/Fonts/Supplemental/NotoSansMro-Regular.ttf'
2024/07/23 18:38:59.315 [I] New font added in fontset: '/System/Library/Fonts/Supplemental/NotoSansMultani-Regular.ttf'
2024/07/23 18:38:59.315 [I] New font added in fontset: '/System/Library/Fonts/Supplemental/NotoSansNabataean-Regular.ttf'
2024/07/23 18:38:59.315 [I] New font added in fontset: '/System/Library/Fonts/Supplemental/NotoSansNewa-Regular.ttf'
2024/07/23 18:38:59.315 [I] New font added in fontset: '/System/Library/Fonts/Supplemental/NotoSansNewTaiLue-Regular.ttf'
2024/07/23 18:38:59.315 [I] New font added in fontset: '/System/Library/Fonts/Supplemental/NotoSansNKo-Regular.ttf'
2024/07/23 18:38:59.315 [I] New font added in fontset: '/System/Library/Fonts/Supplemental/NotoSansOlChiki-Regular.ttf'
2024/07/23 18:38:59.315 [I] New font added in fontset: '/System/Library/Fonts/Supplemental/NotoSansOldHungarian-Regular.ttf'
2024/07/23 18:38:59.315 [I] New font added in fontset: '/System/Library/Fonts/Supplemental/NotoSansOldItalic-Regular.ttf'
2024/07/23 18:38:59.315 [I] New font added in fontset: '/System/Library/Fonts/Supplemental/NotoSansOldNorthArabian-Regular.ttf'
2024/07/23 18:38:59.315 [I] New font added in fontset: '/System/Library/Fonts/Supplemental/NotoSansOldPermic-Regular.ttf'
2024/07/23 18:38:59.315 [I] New font added in fontset: '/System/Library/Fonts/Supplemental/NotoSansOldPersian-Regular.ttf'
2024/07/23 18:38:59.315 [I] New font added in fontset: '/System/Library/Fonts/Supplemental/NotoSansOldSouthArabian-Regular.ttf'
2024/07/23 18:38:59.315 [I] New font added in fontset: '/System/Library/Fonts/Supplemental/NotoSansOldTurkic-Regular.ttf'
2024/07/23 18:38:59.315 [I] New font added in fontset: '/System/Library/Fonts/Supplemental/NotoSansOsage-Regular.ttf'
2024/07/23 18:38:59.315 [I] New font added in fontset: '/System/Library/Fonts/Supplemental/NotoSansOsmanya-Regular.ttf'
2024/07/23 18:38:59.315 [I] New font added in fontset: '/System/Library/Fonts/Supplemental/NotoSansPahawhHmong-Regular.ttf'
2024/07/23 18:38:59.315 [I] New font added in fontset: '/System/Library/Fonts/Supplemental/NotoSansPalmyrene-Regular.ttf'
2024/07/23 18:38:59.315 [I] New font added in fontset: '/System/Library/Fonts/Supplemental/NotoSansPauCinHau-Regular.ttf'
2024/07/23 18:38:59.315 [I] New font added in fontset: '/System/Library/Fonts/Supplemental/NotoSansPhagsPa-Regular.ttf'
2024/07/23 18:38:59.316 [I] New font added in fontset: '/System/Library/Fonts/Supplemental/NotoSansPhoenician-Regular.ttf'
2024/07/23 18:38:59.316 [I] New font added in fontset: '/System/Library/Fonts/Supplemental/NotoSansPsalterPahlavi-Regular.ttf'
2024/07/23 18:38:59.316 [I] New font added in fontset: '/System/Library/Fonts/Supplemental/NotoSansRejang-Regular.ttf'
2024/07/23 18:38:59.316 [I] New font added in fontset: '/System/Library/Fonts/Supplemental/NotoSansSamaritan-Regular.ttf'
2024/07/23 18:38:59.316 [I] New font added in fontset: '/System/Library/Fonts/Supplemental/NotoSansSaurashtra-Regular.ttf'
2024/07/23 18:38:59.316 [I] New font added in fontset: '/System/Library/Fonts/Supplemental/NotoSansSharada-Regular.ttf'
2024/07/23 18:38:59.316 [I] New font added in fontset: '/System/Library/Fonts/Supplemental/NotoSansSiddham-Regular.otf'
2024/07/23 18:38:59.316 [I] New font added in fontset: '/System/Library/Fonts/Supplemental/NotoSansSoraSompeng-Regular.ttf'
2024/07/23 18:38:59.316 [I] New font added in fontset: '/System/Library/Fonts/Supplemental/NotoSansSundanese-Regular.ttf'
2024/07/23 18:38:59.316 [I] New font added in fontset: '/System/Library/Fonts/Supplemental/NotoSansSylotiNagri-Regular.ttf'
2024/07/23 18:38:59.316 [I] New font added in fontset: '/System/Library/Fonts/Supplemental/NotoSansSyriac-Regular.ttf'
2024/07/23 18:38:59.316 [I] New font added in fontset: '/System/Library/Fonts/Supplemental/NotoSansTagalog-Regular.ttf'
2024/07/23 18:38:59.316 [I] New font added in fontset: '/System/Library/Fonts/Supplemental/NotoSansTagbanwa-Regular.ttf'
2024/07/23 18:38:59.316 [I] New font added in fontset: '/System/Library/Fonts/Supplemental/NotoSansTaiLe-Regular.ttf'
2024/07/23 18:38:59.316 [I] New font added in fontset: '/System/Library/Fonts/Supplemental/NotoSansTaiTham-Regular.ttf'
2024/07/23 18:38:59.316 [I] New font added in fontset: '/System/Library/Fonts/Supplemental/NotoSansTaiViet-Regular.ttf'
2024/07/23 18:38:59.316 [I] New font added in fontset: '/System/Library/Fonts/Supplemental/NotoSansTakri-Regular.ttf'
2024/07/23 18:38:59.316 [I] New font added in fontset: '/System/Library/Fonts/Supplemental/NotoSansThaana-Regular.ttf'
2024/07/23 18:38:59.316 [I] New font added in fontset: '/System/Library/Fonts/Supplemental/NotoSansTifinagh-Regular.otf'
2024/07/23 18:38:59.316 [I] New font added in fontset: '/System/Library/Fonts/Supplemental/NotoSansTirhuta-Regular.ttf'
2024/07/23 18:38:59.317 [I] New font added in fontset: '/System/Library/Fonts/Supplemental/NotoSansUgaritic-Regular.ttf'
2024/07/23 18:38:59.317 [I] New font added in fontset: '/System/Library/Fonts/Supplemental/NotoSansVai-Regular.ttf'
2024/07/23 18:38:59.317 [I] New font added in fontset: '/System/Library/Fonts/Supplemental/NotoSansWancho-Regular.ttf'
2024/07/23 18:38:59.317 [I] New font added in fontset: '/System/Library/Fonts/Supplemental/NotoSansWarangCiti-Regular.ttf'
2024/07/23 18:38:59.317 [I] New font added in fontset: '/System/Library/Fonts/Supplemental/NotoSansYi-Regular.ttf'
2024/07/23 18:38:59.317 [I] New font added in fontset: '/System/Library/Fonts/Supplemental/NotoSerifAhom-Regular.ttf'
2024/07/23 18:38:59.317 [I] New font added in fontset: '/System/Library/Fonts/Supplemental/NotoSerifBalinese-Regular.ttf'
2024/07/23 18:38:59.317 [I] New font added in fontset: '/System/Library/Fonts/Supplemental/NotoSerifNyiakengPuachueHmong-Regular.ttf'
2024/07/23 18:38:59.317 [I] New font added in fontset: '/System/Library/Fonts/Supplemental/NotoSerifYezidi-Regular.otf'
2024/07/23 18:38:59.317 [I] New font added in fontset: '/System/Library/Fonts/Supplemental/PartyLET-plain.ttf'
2024/07/23 18:38:59.317 [I] New font added in fontset: '/System/Library/Fonts/Supplemental/PlantagenetCherokee.ttf'
2024/07/23 18:38:59.317 [I] New font added in fontset: '/System/Library/Fonts/Supplemental/Sathu.ttf'
2024/07/23 18:38:59.317 [I] New font added in fontset: '/System/Library/Fonts/Supplemental/Silom.ttf'
2024/07/23 18:38:59.317 [I] New font added in fontset: '/System/Library/Fonts/Supplemental/Skia.ttf'
2024/07/23 18:38:59.317 [I] New font added in fontset: '/System/Library/Fonts/Supplemental/STIXGeneral.otf'
2024/07/23 18:38:59.317 [I] New font added in fontset: '/System/Library/Fonts/Supplemental/STIXGeneralBol.otf'
2024/07/23 18:38:59.318 [I] New font added in fontset: '/System/Library/Fonts/Supplemental/STIXGeneralBolIta.otf'
2024/07/23 18:38:59.318 [I] New font added in fontset: '/System/Library/Fonts/Supplemental/STIXGeneralItalic.otf'
2024/07/23 18:38:59.318 [I] New font added in fontset: '/System/Library/Fonts/Supplemental/STIXIntDBol.otf'
2024/07/23 18:38:59.318 [I] New font added in fontset: '/System/Library/Fonts/Supplemental/STIXIntDReg.otf'
2024/07/23 18:38:59.318 [I] New font added in fontset: '/System/Library/Fonts/Supplemental/STIXIntSmBol.otf'
2024/07/23 18:38:59.318 [I] New font added in fontset: '/System/Library/Fonts/Supplemental/STIXIntSmReg.otf'
2024/07/23 18:38:59.318 [I] New font added in fontset: '/System/Library/Fonts/Supplemental/STIXIntUpBol.otf'
2024/07/23 18:38:59.318 [I] New font added in fontset: '/System/Library/Fonts/Supplemental/STIXIntUpDBol.otf'
2024/07/23 18:38:59.318 [I] New font added in fontset: '/System/Library/Fonts/Supplemental/STIXIntUpDReg.otf'
2024/07/23 18:38:59.318 [I] New font added in fontset: '/System/Library/Fonts/Supplemental/STIXIntUpReg.otf'
2024/07/23 18:38:59.318 [I] New font added in fontset: '/System/Library/Fonts/Supplemental/STIXIntUpSmBol.otf'
2024/07/23 18:38:59.318 [I] New font added in fontset: '/System/Library/Fonts/Supplemental/STIXIntUpSmReg.otf'
2024/07/23 18:38:59.318 [I] New font added in fontset: '/System/Library/Fonts/Supplemental/STIXNonUni.otf'
2024/07/23 18:38:59.318 [I] New font added in fontset: '/System/Library/Fonts/Supplemental/STIXNonUniBol.otf'
2024/07/23 18:38:59.318 [I] New font added in fontset: '/System/Library/Fonts/Supplemental/STIXNonUniBolIta.otf'
2024/07/23 18:38:59.318 [I] New font added in fontset: '/System/Library/Fonts/Supplemental/STIXNonUniIta.otf'
2024/07/23 18:38:59.318 [I] New font added in fontset: '/System/Library/Fonts/Supplemental/STIXSizFiveSymReg.otf'
2024/07/23 18:38:59.319 [I] New font added in fontset: '/System/Library/Fonts/Supplemental/STIXSizFourSymBol.otf'
2024/07/23 18:38:59.319 [I] New font added in fontset: '/System/Library/Fonts/Supplemental/STIXSizFourSymReg.otf'
2024/07/23 18:38:59.319 [I] New font added in fontset: '/System/Library/Fonts/Supplemental/STIXSizOneSymBol.otf'
2024/07/23 18:38:59.319 [I] New font added in fontset: '/System/Library/Fonts/Supplemental/STIXSizOneSymReg.otf'
2024/07/23 18:38:59.319 [I] New font added in fontset: '/System/Library/Fonts/Supplemental/STIXSizThreeSymBol.otf'
2024/07/23 18:38:59.319 [I] New font added in fontset: '/System/Library/Fonts/Supplemental/STIXSizThreeSymReg.otf'
2024/07/23 18:38:59.319 [I] New font added in fontset: '/System/Library/Fonts/Supplemental/STIXSizTwoSymBol.otf'
2024/07/23 18:38:59.319 [I] New font added in fontset: '/System/Library/Fonts/Supplemental/STIXSizTwoSymReg.otf'
2024/07/23 18:38:59.319 [I] New font added in fontset: '/System/Library/Fonts/Supplemental/STIXTwoMath.otf'
2024/07/23 18:38:59.319 [I] New font added in fontset: '/System/Library/Fonts/Supplemental/STIXTwoText-Italic.ttf'
2024/07/23 18:38:59.319 [I] New font added in fontset: '/System/Library/Fonts/Supplemental/STIXTwoText.ttf'
2024/07/23 18:38:59.319 [I] New font added in fontset: '/System/Library/Fonts/Supplemental/STIXVar.otf'
2024/07/23 18:38:59.319 [I] New font added in fontset: '/System/Library/Fonts/Supplemental/STIXVarBol.otf'
2024/07/23 18:38:59.319 [I] New font added in fontset: '/System/Library/Fonts/Supplemental/Tahoma Bold.ttf'
2024/07/23 18:38:59.319 [I] New font added in fontset: '/System/Library/Fonts/Supplemental/Tahoma.ttf'
2024/07/23 18:38:59.320 [I] New font added in fontset: '/System/Library/Fonts/Supplemental/Times New Roman Bold Italic.ttf'
2024/07/23 18:38:59.320 [I] New font added in fontset: '/System/Library/Fonts/Supplemental/Times New Roman Bold.ttf'
2024/07/23 18:38:59.320 [I] New font added in fontset: '/System/Library/Fonts/Supplemental/Times New Roman Italic.ttf'
2024/07/23 18:38:59.320 [I] New font added in fontset: '/System/Library/Fonts/Supplemental/Times New Roman.ttf'
2024/07/23 18:38:59.320 [I] New font added in fontset: '/System/Library/Fonts/Supplemental/Trattatello.ttf'
2024/07/23 18:38:59.320 [I] New font added in fontset: '/System/Library/Fonts/Supplemental/Trebuchet MS Bold Italic.ttf'
2024/07/23 18:38:59.320 [I] New font added in fontset: '/System/Library/Fonts/Supplemental/Trebuchet MS Bold.ttf'
2024/07/23 18:38:59.320 [I] New font added in fontset: '/System/Library/Fonts/Supplemental/Trebuchet MS Italic.ttf'
2024/07/23 18:38:59.320 [I] New font added in fontset: '/System/Library/Fonts/Supplemental/Trebuchet MS.ttf'
2024/07/23 18:38:59.320 [I] New font added in fontset: '/System/Library/Fonts/Supplemental/Verdana Bold Italic.ttf'
2024/07/23 18:38:59.320 [I] New font added in fontset: '/System/Library/Fonts/Supplemental/Verdana Bold.ttf'
2024/07/23 18:38:59.320 [I] New font added in fontset: '/System/Library/Fonts/Supplemental/Verdana Italic.ttf'
2024/07/23 18:38:59.320 [I] New font added in fontset: '/System/Library/Fonts/Supplemental/Verdana.ttf'
2024/07/23 18:38:59.320 [I] New font added in fontset: '/System/Library/Fonts/Supplemental/Webdings.ttf'
2024/07/23 18:38:59.320 [I] New font added in fontset: '/System/Library/Fonts/Supplemental/Wingdings 2.ttf'
2024/07/23 18:38:59.320 [I] New font added in fontset: '/System/Library/Fonts/Supplemental/Wingdings 3.ttf'
2024/07/23 18:38:59.321 [I] New font added in fontset: '/System/Library/Fonts/Supplemental/Wingdings.ttf'
2024/07/23 18:38:59.321 [I] New font added in fontset: '/System/Library/Fonts/Supplemental/Zapfino.ttf'
2024/07/23 18:38:59.333 [I] ReadAppSettings() - End - Result: 1
2024/07/23 18:38:59.354 [I] CheckForUpdates - Start
2024/07/23 18:40:27.322 [I] START - Sending Online Match Request
2024/07/23 18:40:27.735 [I] END - Sending Online Match Request
2024/07/23 18:40:32.057 [I] START - Sending Online Match Request
2024/07/23 18:40:32.136 [I] END - Sending Online Match Request
2024/07/23 18:41:27.693 [I] fontOperationFindOnline() - tempUrl:http://www.findmyfont.com/index.php/fonts/font-preview?fset=Dafont-4 %2F %28Freemium%29&ffam=Hexahedron - Regular&fstyle=&fsize=60&fid=2eb1a2e7c88988d655641910d0543e7a&wrap=2&text=T
2024/07/23 18:42:02.966 [I] Saving Application Settings - Start
2024/07/23 18:42:02.993 [I] Saving Application Settings - End - Result: 1
2024/07/23 18:42:03.018 [I] =============== FindMyFont - Application Exit =============== 
